<?xml version="1.0" encoding="UTF-8"?>
<testng-results skipped="0" failed="0" ignored="0" total="0" passed="0">
  <reporter-output>
  </reporter-output>
  <suite name="techfios.com.CucumberTest.AppTest" duration-ms="5" started-at="2020-07-02T22:45:47Z" finished-at="2020-07-02T22:45:47Z">
    <groups>
    </groups>
    <test name="Command line test" duration-ms="5" started-at="2020-07-02T22:45:47Z" finished-at="2020-07-02T22:45:47Z">
    </test> <!-- Command line test -->
  </suite> <!-- techfios.com.CucumberTest.AppTest -->
</testng-results>
